p/199.png 1 0 0 233 169
p/198.png 1 0 0 316 240
p/197.png 1 0 0 310 235
p/196.png 1 0 0 306 215
p/195.png 1 0 0 248 192
p/194.png 1 0 0 292 215
p/193.png 1 0 0 236 188
p/192.png 1 0 0 422 311
p/191.png 1 0 0 259 178
p/190.png 1 0 0 259 186
p/189.png 1 0 0 368 242
p/188.png 1 0 0 229 175
p/187.png 1 0 0 266 226
p/186.png 1 0 0 278 215
p/185.png 1 0 0 245 193
p/184.png 1 0 0 212 156
p/183.png 1 0 0 232 183
p/182.png 1 0 0 196 161
p/181.png 1 0 0 239 180
p/180.png 1 0 0 221 162
p/179.png 1 0 0 330 245
p/178.png 1 0 0 206 172
p/177.png 1 0 0 225 179
p/176.png 1 0 0 224 192
p/175.png 1 0 0 208 192
p/174.png 1 0 0 224 158
p/173.png 1 0 0 222 201
p/172.png 1 0 0 179 132
p/171.png 1 0 0 204 147
p/170.png 1 0 0 259 179
p/169.png 1 0 0 203 152
p/168.png 1 0 0 273 195
p/167.png 1 0 0 223 151
p/166.png 1 0 0 288 211
p/165.png 1 0 0 250 192
p/164.png 1 0 0 254 205
p/163.png 1 0 0 239 157
p/162.png 1 0 0 219 167
p/161.png 1 0 0 219 139
p/160.png 1 0 0 236 174
p/159.png 1 0 0 256 200
p/158.png 1 0 0 253 179
p/157.png 1 0 0 234 184
p/156.png 1 0 0 211 148
p/155.png 1 0 0 266 187
p/154.png 1 0 0 237 179
p/153.png 1 0 0 226 169
p/152.png 1 0 0 209 180
p/151.png 1 0 0 266 195
p/150.png 1 0 0 247 196
p/149.png 1 0 0 257 190
p/148.png 1 0 0 240 183
p/147.png 1 0 0 239 177
p/146.png 1 0 0 201 148
p/145.png 1 0 0 270 177
p/144.png 1 0 0 262 187
p/143.png 1 0 0 269 223
p/142.png 1 0 0 180 137
p/141.png 1 0 0 205 149
p/140.png 1 0 0 236 176
p/139.png 1 0 0 177 162
p/138.png 1 0 0 316 248
p/137.png 1 0 0 217 189
p/136.png 1 0 0 209 157
p/135.png 1 0 0 200 174
p/134.png 1 0 0 242 185
p/133.png 1 0 0 216 158
p/132.png 1 0 0 286 202
p/131.png 1 0 0 256 211
p/130.png 1 0 0 229 187
p/129.png 1 0 0 219 194
p/128.png 1 0 0 203 162
p/127.png 1 0 0 235 178
p/126.png 1 0 0 210 169
p/125.png 1 0 0 214 163
p/124.png 1 0 0 203 170
p/123.png 1 0 0 249 188
p/122.png 1 0 0 199 146
p/121.png 1 0 0 243 187
p/120.png 1 0 0 231 179
p/119.png 1 0 0 207 150
p/118.png 1 0 0 258 192
p/117.png 1 0 0 208 153
p/116.png 1 0 0 232 154
p/115.png 1 0 0 293 232
p/114.png 1 0 0 219 168
p/113.png 1 0 0 263 220
p/112.png 1 0 0 263 187
p/111.png 1 0 0 341 243
p/110.png 1 0 0 265 201
p/109.png 1 0 0 279 217
p/108.png 1 0 0 255 178
p/107.png 1 0 0 249 169
p/106.png 1 0 0 287 213
p/105.png 1 0 0 226 149
p/104.png 1 0 0 242 172
p/103.png 1 0 0 253 158
p/102.png 1 0 0 264 208
p/101.png 1 0 0 233 179
p/100.png 1 0 0 251 191
p/99.png 1 0 0 225 173
p/98.png 1 0 0 258 249
p/97.png 1 0 0 282 197
p/96.png 1 0 0 270 198
p/95.png 1 0 0 394 310
p/94.png 1 0 0 307 217
p/93.png 1 0 0 289 312
p/92.png 1 0 0 262 202
p/91.png 1 0 0 282 234
p/90.png 1 0 0 174 152
p/89.png 1 0 0 198 142
p/88.png 1 0 0 242 180
p/87.png 1 0 0 241 179
p/86.png 1 0 0 222 170
p/85.png 1 0 0 412 316
p/84.png 1 0 0 205 150
p/83.png 1 0 0 402 359
p/82.png 1 0 0 206 151
p/81.png 1 0 0 370 290
p/80.png 1 0 0 234 179
p/79.png 1 0 0 383 317
p/78.png 1 0 0 364 260
p/77.png 1 0 0 227 154
p/76.png 1 0 0 232 190
p/75.png 1 0 0 408 328
p/74.png 1 0 0 228 180
p/73.png 1 0 0 450 337
p/72.png 1 0 0 234 187
p/71.png 1 0 0 374 331
p/70.png 1 0 0 238 170
p/69.png 1 0 0 346 240
p/68.png 1 0 0 284 191
p/67.png 1 0 0 322 284
p/66.png 1 0 0 240 201
p/65.png 1 0 0 307 226
p/64.png 1 0 0 325 266
p/63.png 1 0 0 395 262
p/62.png 1 0 0 237 178
p/61.png 1 0 0 321 228
p/60.png 1 0 0 245 167
p/59.png 1 0 0 252 186
p/58.png 1 0 0 229 182
p/57.png 1 0 0 226 151
p/56.png 1 0 0 369 279
p/55.png 1 0 0 218 162
p/54.png 1 0 0 347 275
p/53.png 1 0 0 325 260
p/52.png 1 0 0 310 217
p/51.png 1 0 0 227 159
p/50.png 1 0 0 197 144
p/49.png 1 0 0 262 202
p/48.png 1 0 0 172 129
p/47.png 1 0 0 228 163
p/46.png 1 0 0 144 124
p/45.png 1 0 0 190 149
p/44.png 1 0 0 211 163
p/43.png 1 0 0 238 138
p/42.png 1 0 0 200 167
p/41.png 1 0 0 240 177
p/40.png 1 0 0 214 158
p/39.png 1 0 0 195 154
p/38.png 1 0 0 187 124
p/37.png 1 0 0 177 191
p/36.png 1 0 0 179 130
p/35.png 1 0 0 144 104
p/34.png 1 0 0 185 125
p/33.png 1 0 0 151 112
p/32.png 1 0 0 224 148
p/31.png 1 0 0 238 204
p/30.png 1 0 0 268 191
p/29.png 1 0 0 292 202
p/28.png 1 0 0 206 168
p/27.png 1 0 0 203 152
p/26.png 1 0 0 384 300
p/25.png 1 0 0 259 187
p/24.png 1 0 0 365 258
p/23.png 1 0 0 253 171
p/22.png 1 0 0 344 234
p/21.png 1 0 0 279 252
p/20.png 1 0 0 364 258
p/19.png 1 0 0 211 155
p/18.png 1 0 0 412 285
p/17.png 1 0 0 272 176
p/16.png 1 0 0 221 173
p/15.png 1 0 0 345 313
p/14.png 1 0 0 244 169
p/13.png 1 0 0 348 292
p/12.png 1 0 0 299 219
p/11.png 1 0 0 273 194
p/10.png 1 0 0 281 231
p/9.png 1 0 0 348 255
p/8.png 1 0 0 218 154
p/7.png 1 0 0 271 182
p/6.png 1 0 0 297 214
p/5.png 1 0 0 434 288
p/4.png 1 0 0 232 147
p/3.png 1 0 0 352 290
p/2.png 1 0 0 275 193
p/1.png 1 0 0 388 265
p/0.png 1 0 0 255 181